Сборка начата 11.11.2016 0:28:46.
     1>Проект "C:\Users\Angela\Documents\Visual Studio 2015\Projects\Computer_Networks_Lab_6\Computer_Networks_Lab_6\Computer_Networks_Lab_6.vcxproj" в узле 2 (целевые объекты Build).
     1>InitializeBuildStatus:
         Создание "Debug\Computer.79DDF539.tlog\unsuccessfulbuild", так как было задано "AlwaysCreate".
       ClCompile:
         Для всех выходных данных обновления не требуется.
         C:\Program Files\Microsoft Visual Studio 14.0\VC\bin\CL.exe /c /ZI /nologo /W3 /WX- /sdl /Od /Oy- /D WIN32 /D _DEBUG /D _CONSOLE /D _UNICODE /D UNICODE /Gm /EHsc /RTC1 /MDd /GS /fp:precise /Zc:wchar_t /Zc:forScope /Zc:inline /Yu"stdafx.h" /Fp"Debug\Computer_Networks_Lab_6.pch" /Fo"Debug\\" /Fd"Debug\vc140.pdb" /Gd /TP /analyze- /errorReport:prompt Ping.cpp
         Ping.cpp
       Link:
         C:\Program Files\Microsoft Visual Studio 14.0\VC\bin\link.exe /ERRORREPORT:PROMPT /OUT:"C:\Users\Angela\Documents\Visual Studio 2015\Projects\Computer_Networks_Lab_6\Debug\Computer_Networks_Lab_6.exe" /INCREMENTAL /NOLOGO kernel32.lib user32.lib gdi32.lib winspool.lib comdlg32.lib advapi32.lib shell32.lib ole32.lib oleaut32.lib uuid.lib odbc32.lib odbccp32.lib /MANIFEST /MANIFESTUAC:"level='asInvoker' uiAccess='false'" /manifest:embed /DEBUG /PDB:"C:\Users\Angela\Documents\Visual Studio 2015\Projects\Computer_Networks_Lab_6\Debug\Computer_Networks_Lab_6.pdb" /SUBSYSTEM:CONSOLE /TLBID:1 /DYNAMICBASE /NXCOMPAT /IMPLIB:"C:\Users\Angela\Documents\Visual Studio 2015\Projects\Computer_Networks_Lab_6\Debug\Computer_Networks_Lab_6.lib" /MACHINE:X86 Debug\Computer_Networks_Lab_6.obj
         Debug\Parm.obj
         Debug\Ping.obj
         Debug\stdafx.obj
         Computer_Networks_Lab_6.vcxproj -> C:\Users\Angela\Documents\Visual Studio 2015\Projects\Computer_Networks_Lab_6\Debug\Computer_Networks_Lab_6.exe
         Computer_Networks_Lab_6.vcxproj -> C:\Users\Angela\Documents\Visual Studio 2015\Projects\Computer_Networks_Lab_6\Debug\Computer_Networks_Lab_6.pdb (Full PDB)
       FinalizeBuildStatus:
         Файл "Debug\Computer.79DDF539.tlog\unsuccessfulbuild" удаляется.
         Обращение к "Debug\Computer.79DDF539.tlog\Computer_Networks_Lab_6.lastbuildstate".
     1>Сборка проекта "C:\Users\Angela\Documents\Visual Studio 2015\Projects\Computer_Networks_Lab_6\Computer_Networks_Lab_6\Computer_Networks_Lab_6.vcxproj" завершена (целевые объекты Build).

Сборка успешно завершена.

Затраченное время: 00:00:00.93
